#
# A fatal error has been detected by the Java Runtime Environment:
#
#  Internal Error (classFileParser.cpp:3375), pid=5419, tid=4137106288
#  Error: ShouldNotReachHere()
#
# JRE version: 6.0_23-b05
# Java VM: Java HotSpot(TM) Server VM (19.0-b09 mixed mode linux-x86 )
# If you would like to submit a bug report, please visit:
#   http://java.sun.com/webapps/bugreport/crash.jsp
#

---------------  T H R E A D  ---------------

Current thread (0x08f0e800):  JavaThread "Unknown thread" [_thread_in_vm, id=5426, stack(0xf6923000,0xf6974000)]

Stack: [0xf6923000,0xf6974000],  sp=0xf6972800,  free space=318k
Native frames: (J=compiled Java code, j=interpreted, Vv=VM code, C=native code)
V  [libjvm.so+0x6e0e00]
V  [libjvm.so+0x2d647f]
V  [libjvm.so+0x26ff9a]
V  [libjvm.so+0x275e21]
V  [libjvm.so+0x67386f]
V  [libjvm.so+0x671af5]
V  [libjvm.so+0x6709b6]
V  [libjvm.so+0x670660]
V  [libjvm.so+0x674fca]
V  [libjvm.so+0x67505c]
V  [libjvm.so+0x675120]
V  [libjvm.so+0x674f09]
V  [libjvm.so+0x6ba64a]
V  [libjvm.so+0x6bbcdf]
V  [libjvm.so+0x3939d8]
V  [libjvm.so+0x6a3c6d]
V  [libjvm.so+0x3eb926]
C  [java+0x305c]
C  [java+0x1942]  JavaMain+0x72
C  [libpthread.so.0+0x596e]


---------------  P R O C E S S  ---------------

Java Threads: ( => current thread )

Other Threads:

=>0x08f0e800 (exited) JavaThread "Unknown thread" [_thread_in_vm, id=5426, stack(0xf6923000,0xf6974000)]

VM state:not at safepoint (not fully initialized)

VM Mutex/Monitor currently owned by a thread: None

Dynamic libraries:
08048000-08052000 r-xp 00000000 08:01 2490414                            /opt/jdk1.6.0_23/bin/java
08052000-08053000 rwxp 00009000 08:01 2490414                            /opt/jdk1.6.0_23/bin/java
08f04000-08f6e000 rwxp 00000000 00:00 0                                  [heap]
b1d47000-b1dbc000 r-xs 00790000 08:01 2497221                            /opt/android-sdk-linux_86/platforms/android-9/android.jar
b1dbc000-b1dbd000 ---p 00000000 00:00 0 
b1dbd000-b1e3d000 rwxp 00000000 00:00 0 
b1e3d000-b1e3e000 ---p 00000000 00:00 0 
b1e3e000-b1ec6000 rwxp 00000000 00:00 0 
b1ec6000-b1ede000 rwxp 00000000 00:00 0 
b1ede000-b1ef3000 rwxp 00000000 00:00 0 
b1ef3000-b2025000 rwxp 00000000 00:00 0 
b2025000-b202d000 rwxp 00000000 00:00 0 
b202d000-b2045000 rwxp 00000000 00:00 0 
b2045000-b205a000 rwxp 00000000 00:00 0 
b205a000-b218b000 rwxp 00000000 00:00 0 
b218b000-b2196000 rwxp 00000000 00:00 0 
b2196000-b222f000 rwxp 00000000 00:00 0 
b222f000-b3230000 rwxp 00000000 00:00 0 
b3230000-b6230000 rwxp 00000000 00:00 0 
b6230000-b8b00000 rwxp 00000000 00:00 0 
b8b00000-def90000 rwxp 00000000 00:00 0 
def90000-e03f0000 rwxp 00000000 00:00 0 
e03f0000-f3630000 rwxp 00000000 00:00 0 
f363e000-f3647000 rwxp 00000000 00:00 0 
f3647000-f36fe000 rwxp 00000000 00:00 0 
f36fe000-f393e000 rwxp 00000000 00:00 0 
f393e000-f66fe000 rwxp 00000000 00:00 0 
f66fe000-f6708000 r-xp 00000000 08:01 133559                             /lib32/libnss_files-2.11.1.so
f6708000-f6709000 r-xp 00009000 08:01 133559                             /lib32/libnss_files-2.11.1.so
f6709000-f670a000 rwxp 0000a000 08:01 133559                             /lib32/libnss_files-2.11.1.so
f670a000-f6712000 r-xp 00000000 08:01 133561                             /lib32/libnss_nis-2.11.1.so
f6712000-f6713000 r-xp 00007000 08:01 133561                             /lib32/libnss_nis-2.11.1.so
f6713000-f6714000 rwxp 00008000 08:01 133561                             /lib32/libnss_nis-2.11.1.so
f6714000-f671a000 r-xp 00000000 08:01 133556                             /lib32/libnss_compat-2.11.1.so
f671a000-f671b000 r-xp 00006000 08:01 133556                             /lib32/libnss_compat-2.11.1.so
f671b000-f671c000 rwxp 00007000 08:01 133556                             /lib32/libnss_compat-2.11.1.so
f6727000-f6736000 r-xp 00000000 08:01 2495555                            /opt/jdk1.6.0_23/jre/lib/i386/libzip.so
f6736000-f6738000 rwxp 0000e000 08:01 2495555                            /opt/jdk1.6.0_23/jre/lib/i386/libzip.so
f6738000-f6740000 rwxs 00000000 08:01 1720228                            /tmp/hsperfdata_john/5419
f6740000-f677f000 r-xp 00000000 08:01 1179710                            /usr/lib/locale/en_US.utf8/LC_CTYPE
f677f000-f6780000 r-xp 00000000 08:01 1180591                            /usr/lib/locale/en_US.utf8/LC_NUMERIC
f6780000-f6781000 r-xp 00000000 08:01 1179846                            /usr/lib/locale/en_US.utf8/LC_TIME
f6781000-f689f000 r-xp 00000000 08:01 1179711                            /usr/lib/locale/en_US.utf8/LC_COLLATE
f689f000-f68a0000 r-xp 00000000 08:01 1179847                            /usr/lib/locale/en_US.utf8/LC_MONETARY
f68a0000-f68a1000 r-xp 00000000 08:01 1179911                            /usr/lib/locale/en_US.utf8/LC_MESSAGES/SYS_LC_MESSAGES
f68a1000-f68a2000 r-xp 00000000 08:01 1180597                            /usr/lib/locale/en_US.utf8/LC_PAPER
f68a2000-f68a3000 r-xp 00000000 08:01 1180598                            /usr/lib/locale/en_US.utf8/LC_NAME
f68a3000-f68a4000 r-xp 00000000 08:01 1179912                            /usr/lib/locale/en_US.utf8/LC_ADDRESS
f68a4000-f68a5000 r-xp 00000000 08:01 1179913                            /usr/lib/locale/en_US.utf8/LC_TELEPHONE
f68a5000-f68a6000 r-xp 00000000 08:01 1180601                            /usr/lib/locale/en_US.utf8/LC_MEASUREMENT
f68a6000-f68ad000 r-xs 00000000 08:01 133632                             /usr/lib32/gconv/gconv-modules.cache
f68ad000-f68ae000 r-xp 00000000 08:01 1179914                            /usr/lib/locale/en_US.utf8/LC_IDENTIFICATION
f68ae000-f68b1000 r-xp 00000000 08:01 2495566                            /opt/jdk1.6.0_23/jre/lib/i386/libnpt.so
f68b1000-f68b2000 rwxp 00002000 08:01 2495566                            /opt/jdk1.6.0_23/jre/lib/i386/libnpt.so
f68b2000-f68ec000 r-xp 00000000 08:01 2495549                            /opt/jdk1.6.0_23/jre/lib/i386/libjdwp.so
f68ec000-f68ed000 rwxp 00039000 08:01 2495549                            /opt/jdk1.6.0_23/jre/lib/i386/libjdwp.so
f68ed000-f68f3000 r-xp 00000000 08:01 2495562                            /opt/jdk1.6.0_23/jre/lib/i386/native_threads/libhpi.so
f68f3000-f68f4000 rwxp 00006000 08:01 2495562                            /opt/jdk1.6.0_23/jre/lib/i386/native_threads/libhpi.so
f68f4000-f68f5000 rwxp 00000000 00:00 0 
f68f5000-f6918000 r-xp 00000000 08:01 2495565                            /opt/jdk1.6.0_23/jre/lib/i386/libjava.so
f6918000-f691a000 rwxp 00023000 08:01 2495565                            /opt/jdk1.6.0_23/jre/lib/i386/libjava.so
f691a000-f6921000 r-xp 00000000 08:01 133566                             /lib32/librt-2.11.1.so
f6921000-f6922000 r-xp 00006000 08:01 133566                             /lib32/librt-2.11.1.so
f6922000-f6923000 rwxp 00007000 08:01 133566                             /lib32/librt-2.11.1.so
f6923000-f6926000 ---p 00000000 00:00 0 
f6926000-f6974000 rwxp 00000000 00:00 0 
f6974000-f6998000 r-xp 00000000 08:01 133493                             /lib32/libm-2.11.1.so
f6998000-f6999000 r-xp 00023000 08:01 133493                             /lib32/libm-2.11.1.so
f6999000-f699a000 rwxp 00024000 08:01 133493                             /lib32/libm-2.11.1.so
f699a000-f70ff000 r-xp 00000000 08:01 2495568                            /opt/jdk1.6.0_23/jre/lib/i386/server/libjvm.so
f70ff000-f7152000 rwxp 00765000 08:01 2495568                            /opt/jdk1.6.0_23/jre/lib/i386/server/libjvm.so
f7152000-f7572000 rwxp 00000000 00:00 0 
f7572000-f76c5000 r-xp 00000000 08:01 133489                             /lib32/libc-2.11.1.so
f76c5000-f76c6000 ---p 00153000 08:01 133489                             /lib32/libc-2.11.1.so
f76c6000-f76c8000 r-xp 00153000 08:01 133489                             /lib32/libc-2.11.1.so
f76c8000-f76c9000 rwxp 00155000 08:01 133489                             /lib32/libc-2.11.1.so
f76c9000-f76cc000 rwxp 00000000 00:00 0 
f76cc000-f76ce000 r-xp 00000000 08:01 133492                             /lib32/libdl-2.11.1.so
f76ce000-f76cf000 r-xp 00001000 08:01 133492                             /lib32/libdl-2.11.1.so
f76cf000-f76d0000 rwxp 00002000 08:01 133492                             /lib32/libdl-2.11.1.so
f76d0000-f76d7000 r-xp 00000000 08:01 2495542                            /opt/jdk1.6.0_23/jre/lib/i386/jli/libjli.so
f76d7000-f76d9000 rwxp 00006000 08:01 2495542                            /opt/jdk1.6.0_23/jre/lib/i386/jli/libjli.so
f76d9000-f76ee000 r-xp 00000000 08:01 133564                             /lib32/libpthread-2.11.1.so
f76ee000-f76ef000 r-xp 00014000 08:01 133564                             /lib32/libpthread-2.11.1.so
f76ef000-f76f0000 rwxp 00015000 08:01 133564                             /lib32/libpthread-2.11.1.so
f76f0000-f76f3000 rwxp 00000000 00:00 0 
f76f3000-f76f4000 r-xp 00000000 00:00 0 
f76f4000-f7707000 r-xp 00000000 08:01 133555                             /lib32/libnsl-2.11.1.so
f7707000-f7708000 r-xp 00012000 08:01 133555                             /lib32/libnsl-2.11.1.so
f7708000-f7709000 rwxp 00013000 08:01 133555                             /lib32/libnsl-2.11.1.so
f7709000-f770b000 rwxp 00000000 00:00 0 
f770b000-f7716000 r-xp 00000000 08:01 2495540                            /opt/jdk1.6.0_23/jre/lib/i386/libverify.so
f7716000-f7717000 rwxp 0000b000 08:01 2495540                            /opt/jdk1.6.0_23/jre/lib/i386/libverify.so
f7717000-f7719000 rwxp 00000000 00:00 0 
f7719000-f771a000 r-xp 00000000 00:00 0                                  [vdso]
f771a000-f7736000 r-xp 00000000 08:01 132494                             /lib32/ld-2.11.1.so
f7736000-f7737000 r-xp 0001b000 08:01 132494                             /lib32/ld-2.11.1.so
f7737000-f7738000 rwxp 0001c000 08:01 132494                             /lib32/ld-2.11.1.so
ff8ea000-ff8ff000 rwxp 00000000 00:00 0                                  [stack]

VM Arguments:
jvm_args: -agentlib:jdwp=transport=dt_socket,suspend=y,address=localhost:44370 -Dvce.launchers=org.eclipse.ve.internal.java.vce.launcher.remotevm.JFCLauncher -Dvce.launcher.class=edu.nku.cs.csc440.team2.player.SMILPlayer -Dfile.encoding=UTF-8 -Xbootclasspath:/opt/android-sdk-linux_86/platforms/android-9/android.jar 
java_command: org.eclipse.ve.internal.java.vce.launcher.remotevm.JavaBeansLauncher
Launcher Type: SUN_STANDARD

Environment Variables:
PATH=/home/john/bin:/usr/local/sbin:/usr/local/bin:/usr/sbin:/usr/bin:/sbin:/bin:/usr/games
USERNAME=john
LD_LIBRARY_PATH=/opt/jdk1.6.0_23/jre/lib/i386/server:/opt/jdk1.6.0_23/jre/lib/i386:/opt/jdk1.6.0_23/jre/../lib/i386:/opt/jdk1.6.0_23/jre/lib/i386/client:/opt/jdk1.6.0_23/jre/lib/i386:/usr/lib/xulrunner-devel-1.9.2.16:/usr/lib/xulrunner-devel-1.9.2.16
SHELL=/bin/bash
DISPLAY=:0.0

Signal Handlers:
SIGSEGV: [libjvm.so+0x6e1a10], sa_mask[0]=0x7ffbfeff, sa_flags=0x10000004
SIGBUS: [libjvm.so+0x6e1a10], sa_mask[0]=0x7ffbfeff, sa_flags=0x10000004
SIGFPE: [libjvm.so+0x5a37a0], sa_mask[0]=0x7ffbfeff, sa_flags=0x10000004
SIGPIPE: [libjvm.so+0x5a37a0], sa_mask[0]=0x7ffbfeff, sa_flags=0x10000004
SIGXFSZ: [libjvm.so+0x5a37a0], sa_mask[0]=0x7ffbfeff, sa_flags=0x10000004
SIGILL: [libjvm.so+0x5a37a0], sa_mask[0]=0x7ffbfeff, sa_flags=0x10000004
SIGUSR1: SIG_DFL, sa_mask[0]=0x00000000, sa_flags=0x00000000
SIGUSR2: [libjvm.so+0x5a6780], sa_mask[0]=0x00000004, sa_flags=0x10000004
SIGHUP: SIG_DFL, sa_mask[0]=0x00000000, sa_flags=0x00000000
SIGINT: SIG_DFL, sa_mask[0]=0x00000000, sa_flags=0x00000000
SIGTERM: SIG_DFL, sa_mask[0]=0x00000000, sa_flags=0x00000000
SIGQUIT: SIG_DFL, sa_mask[0]=0x00000000, sa_flags=0x00000000


---------------  S Y S T E M  ---------------

OS:squeeze/sid

uname:Linux 2.6.32-30-generic #59-Ubuntu SMP Tue Mar 1 21:30:46 UTC 2011 x86_64
libc:glibc 2.11.1 NPTL 2.11.1 
rlimit: STACK 8192k, CORE 0k, NPROC infinity, NOFILE 1024, AS infinity
load average:0.62 0.65 0.58

/proc/meminfo:
MemTotal:        4009648 kB
MemFree:           50848 kB
Buffers:          457052 kB
Cached:          1160888 kB
SwapCached:            0 kB
Active:          2381776 kB
Inactive:        1149604 kB
Active(anon):    1756160 kB
Inactive(anon):   401556 kB
Active(file):     625616 kB
Inactive(file):   748048 kB
Unevictable:          20 kB
Mlocked:              20 kB
SwapTotal:       1951856 kB
SwapFree:        1951848 kB
Dirty:                76 kB
Writeback:             0 kB
AnonPages:       1913652 kB
Mapped:           173664 kB
Shmem:            244100 kB
Slab:             268636 kB
SReclaimable:     242432 kB
SUnreclaim:        26204 kB
KernelStack:        3256 kB
PageTables:        33264 kB
NFS_Unstable:          0 kB
Bounce:                0 kB
WritebackTmp:          0 kB
CommitLimit:     3956680 kB
Committed_AS:    5237500 kB
VmallocTotal:   34359738367 kB
VmallocUsed:      379424 kB
VmallocChunk:   34359288448 kB
HardwareCorrupted:     0 kB
HugePages_Total:       0
HugePages_Free:        0
HugePages_Rsvd:        0
HugePages_Surp:        0
Hugepagesize:       2048 kB
DirectMap4k:        8500 kB
DirectMap2M:     4136960 kB


CPU:total 2 (2 cores per cpu, 1 threads per core) family 6 model 23 stepping 10, cmov, cx8, fxsr, mmx, sse, sse2, sse3, ssse3, sse4.1

Memory: 4k page, physical 4009648k(50848k free), swap 1951856k(1951848k free)

vm_info: Java HotSpot(TM) Server VM (19.0-b09) for linux-x86 JRE (1.6.0_23-b05), built on Nov 12 2010 14:07:22 by "java_re" with gcc 3.2.1-7a (J2SE release)

time: Sat Apr  2 18:23:23 2011
elapsed time: 0 seconds

